2024-10-29 20:29:54 NZDT | 2024-10-29 03:29:54 EDT | [32mINFO[0m | Analyzing AAPL
2024-10-29 20:29:54 NZDT | 2024-10-29 03:29:54 EDT | [32mINFO[0m | Analyzing MSFT
2024-10-29 20:33:19 NZDT | 2024-10-29 03:33:19 EDT | [32mINFO[0m | Analyzing AAPL
2024-10-29 20:34:28 NZDT | 2024-10-29 03:34:28 EDT | [32mINFO[0m | Analyzing ETHUSD
2024-10-29 20:48:45 NZDT | 2024-10-29 03:48:45 EDT | [32mINFO[0m | Analyzing ETHUSD
2024-10-29 20:50:57 NZDT | 2024-10-29 03:50:57 EDT | [32mINFO[0m | Analyzing ETHUSD
2024-10-29 21:02:41 NZDT | 2024-10-29 04:02:41 EDT | [32mINFO[0m | Analyzing ETHUSD
2024-10-29 21:14:47 NZDT | 2024-10-29 04:14:47 EDT | [32mINFO[0m | 
INITIAL ANALYSIS STARTING...
2024-10-29 21:14:47 NZDT | 2024-10-29 04:14:47 EDT | [32mINFO[0m | Analyzing COUR
2024-10-29 21:26:53 NZDT | 2024-10-29 04:26:53 EDT | [32mINFO[0m | 
INITIAL ANALYSIS STARTING...
2024-10-29 21:26:53 NZDT | 2024-10-29 04:26:53 EDT | [32mINFO[0m | Using Bonferroni-corrected significance level: 0.0033 (15 tests)
2024-10-29 21:26:53 NZDT | 2024-10-29 04:26:53 EDT | [32mINFO[0m | Analyzing COUR
2024-10-29 21:41:56 NZDT | 2024-10-29 04:41:56 EDT | [32mINFO[0m | 
INITIAL ANALYSIS STARTING...
2024-10-29 21:41:56 NZDT | 2024-10-29 04:41:56 EDT | [32mINFO[0m | Using Bonferroni-corrected significance level: 0.0031 (16 tests)
2024-10-29 21:41:56 NZDT | 2024-10-29 04:41:56 EDT | [32mINFO[0m | Analyzing COUR
2024-10-29 22:10:05 NZDT | 2024-10-29 05:10:05 EDT | [32mINFO[0m | Using Bonferroni-corrected significance level: 0.0500 (1 tests)
2024-10-29 22:10:05 NZDT | 2024-10-29 05:10:05 EDT | [32mINFO[0m | Analyzing ETHUSD
2024-10-29 22:12:24 NZDT | 2024-10-29 05:12:24 EDT | [32mINFO[0m | Running command PYTHONPATH=/media/lee/crucial/code/stock python scripts/alpaca_cli.py ramp_into_position GOOG sell
2024-10-29 22:13:35 NZDT | 2024-10-29 05:13:35 EDT | [32mINFO[0m | Running command PYTHONPATH=/media/lee/crucial/code/stock python scripts/alpaca_cli.py ramp_into_position GOOG sell
2024-10-29 22:23:09 NZDT | 2024-10-29 05:23:09 EDT | [32mINFO[0m | Analyzing ETHUSD
2024-10-30 02:30:04 NZDT | 2024-10-29 09:30:04 EDT | [31mERROR[0m | Error in main loop: local variable 'market_open_done' referenced before assignment
2024-10-30 02:31:04 NZDT | 2024-10-29 09:31:04 EDT | [31mERROR[0m | Error in main loop: local variable 'market_open_done' referenced before assignment
2024-10-30 02:32:05 NZDT | 2024-10-29 09:32:05 EDT | [31mERROR[0m | Error in main loop: local variable 'market_open_done' referenced before assignment
2024-10-30 02:33:05 NZDT | 2024-10-29 09:33:05 EDT | [31mERROR[0m | Error in main loop: local variable 'market_open_done' referenced before assignment
2024-10-30 02:34:05 NZDT | 2024-10-29 09:34:05 EDT | [31mERROR[0m | Error in main loop: local variable 'market_open_done' referenced before assignment
2024-10-30 02:35:05 NZDT | 2024-10-29 09:35:05 EDT | [31mERROR[0m | Error in main loop: local variable 'market_open_done' referenced before assignment
2024-10-30 02:36:05 NZDT | 2024-10-29 09:36:05 EDT | [31mERROR[0m | Error in main loop: local variable 'market_open_done' referenced before assignment
2024-10-30 02:37:05 NZDT | 2024-10-29 09:37:05 EDT | [31mERROR[0m | Error in main loop: local variable 'market_open_done' referenced before assignment
2024-10-30 02:38:05 NZDT | 2024-10-29 09:38:05 EDT | [31mERROR[0m | Error in main loop: local variable 'market_open_done' referenced before assignment
2024-10-30 02:39:05 NZDT | 2024-10-29 09:39:05 EDT | [31mERROR[0m | Error in main loop: local variable 'market_open_done' referenced before assignment
2024-10-30 02:40:05 NZDT | 2024-10-29 09:40:05 EDT | [31mERROR[0m | Error in main loop: local variable 'market_open_done' referenced before assignment
2024-10-30 02:41:05 NZDT | 2024-10-29 09:41:05 EDT | [31mERROR[0m | Error in main loop: local variable 'market_open_done' referenced before assignment
2024-10-30 02:42:05 NZDT | 2024-10-29 09:42:05 EDT | [31mERROR[0m | Error in main loop: local variable 'market_open_done' referenced before assignment
2024-10-30 02:43:05 NZDT | 2024-10-29 09:43:05 EDT | [31mERROR[0m | Error in main loop: local variable 'market_open_done' referenced before assignment
2024-10-30 02:44:05 NZDT | 2024-10-29 09:44:05 EDT | [31mERROR[0m | Error in main loop: local variable 'market_open_done' referenced before assignment
2024-10-30 02:45:05 NZDT | 2024-10-29 09:45:05 EDT | [31mERROR[0m | Error in main loop: local variable 'market_open_done' referenced before assignment
2024-10-30 02:46:05 NZDT | 2024-10-29 09:46:05 EDT | [31mERROR[0m | Error in main loop: local variable 'market_open_done' referenced before assignment
2024-10-30 02:47:05 NZDT | 2024-10-29 09:47:05 EDT | [31mERROR[0m | Error in main loop: local variable 'market_open_done' referenced before assignment
2024-10-30 02:48:05 NZDT | 2024-10-29 09:48:05 EDT | [31mERROR[0m | Error in main loop: local variable 'market_open_done' referenced before assignment
2024-10-30 02:49:05 NZDT | 2024-10-29 09:49:05 EDT | [31mERROR[0m | Error in main loop: local variable 'market_open_done' referenced before assignment
2024-10-30 02:50:05 NZDT | 2024-10-29 09:50:05 EDT | [31mERROR[0m | Error in main loop: local variable 'market_open_done' referenced before assignment
2024-10-30 02:51:06 NZDT | 2024-10-29 09:51:06 EDT | [31mERROR[0m | Error in main loop: local variable 'market_open_done' referenced before assignment
2024-10-30 02:52:06 NZDT | 2024-10-29 09:52:06 EDT | [31mERROR[0m | Error in main loop: local variable 'market_open_done' referenced before assignment
2024-10-30 02:53:06 NZDT | 2024-10-29 09:53:06 EDT | [31mERROR[0m | Error in main loop: local variable 'market_open_done' referenced before assignment
2024-10-30 02:54:06 NZDT | 2024-10-29 09:54:06 EDT | [31mERROR[0m | Error in main loop: local variable 'market_open_done' referenced before assignment
2024-10-30 02:55:06 NZDT | 2024-10-29 09:55:06 EDT | [31mERROR[0m | Error in main loop: local variable 'market_open_done' referenced before assignment
2024-10-30 02:56:06 NZDT | 2024-10-29 09:56:06 EDT | [31mERROR[0m | Error in main loop: local variable 'market_open_done' referenced before assignment
2024-10-30 02:57:06 NZDT | 2024-10-29 09:57:06 EDT | [31mERROR[0m | Error in main loop: local variable 'market_open_done' referenced before assignment
2024-10-30 02:58:06 NZDT | 2024-10-29 09:58:06 EDT | [31mERROR[0m | Error in main loop: local variable 'market_open_done' referenced before assignment
2024-10-30 02:59:06 NZDT | 2024-10-29 09:59:06 EDT | [31mERROR[0m | Error in main loop: local variable 'market_open_done' referenced before assignment
2024-10-30 08:11:10 NZDT | 2024-10-29 15:11:10 EDT | [32mINFO[0m | 
INITIAL ANALYSIS STARTING...
2024-10-30 08:11:10 NZDT | 2024-10-29 15:11:10 EDT | [32mINFO[0m | Analyzing COUR
2024-10-30 09:36:34 NZDT | 2024-10-29 16:36:34 EDT | [32mINFO[0m | 
INITIAL ANALYSIS STARTING...
2024-10-30 09:36:34 NZDT | 2024-10-29 16:36:34 EDT | [32mINFO[0m | Analyzing COUR
2024-10-30 09:45:44 NZDT | 2024-10-29 16:45:44 EDT | [32mINFO[0m | 
INITIAL ANALYSIS STARTING...
2024-10-30 09:45:44 NZDT | 2024-10-29 16:45:44 EDT | [32mINFO[0m | Analyzing COUR
2024-10-30 10:11:54 NZDT | 2024-10-29 17:11:54 EDT | [32mINFO[0m | 
INITIAL ANALYSIS STARTING...
2024-10-30 10:11:54 NZDT | 2024-10-29 17:11:54 EDT | [32mINFO[0m | Analyzing COUR
2024-10-30 11:34:57 NZDT | 2024-10-29 18:34:57 EDT | [32mINFO[0m | 
INITIAL ANALYSIS STARTING...
2024-10-30 11:34:57 NZDT | 2024-10-29 18:34:57 EDT | [32mINFO[0m | Analyzing COUR
2024-10-31 09:11:31 NZDT | 2024-10-30 16:11:31 EDT | [32mINFO[0m | 
INITIAL ANALYSIS STARTING...
2024-10-31 09:11:31 NZDT | 2024-10-30 16:11:31 EDT | [32mINFO[0m | Analyzing COUR
2024-10-31 09:44:29 NZDT | 2024-10-30 16:44:29 EDT | [32mINFO[0m | 
INITIAL ANALYSIS STARTING...
2024-10-31 09:44:29 NZDT | 2024-10-30 16:44:29 EDT | [32mINFO[0m | Analyzing COUR
2024-10-31 09:58:56 NZDT | 2024-10-30 16:58:56 EDT | [32mINFO[0m | 
INITIAL ANALYSIS STARTING...
2024-10-31 09:58:56 NZDT | 2024-10-30 16:58:56 EDT | [32mINFO[0m | Analyzing COUR
2024-10-31 10:10:31 NZDT | 2024-10-30 17:10:31 EDT | [32mINFO[0m | 
INITIAL ANALYSIS STARTING...
2024-10-31 10:10:31 NZDT | 2024-10-30 17:10:31 EDT | [32mINFO[0m | Analyzing COUR
2024-11-01 09:34:30 NZDT | 2024-10-31 16:34:30 EDT | [32mINFO[0m | 
INITIAL ANALYSIS STARTING...
2024-11-01 09:34:30 NZDT | 2024-10-31 16:34:30 EDT | [32mINFO[0m | Analyzing COUR
